{"timestamp":"2025-07-06T05:19:16.998Z","sessionId":"WLqm0vRPI5I-hhi1ICDLIUlbvydZ-lpd","event":"query_received","data":{"promptLength":2}}
{"timestamp":"2025-07-06T05:19:23.504Z","sessionId":"WLqm0vRPI5I-hhi1ICDLIUlbvydZ-lpd","event":"query_completed","data":{"responseTime":6500,"responseLength":114}}
{"timestamp":"2025-07-06T05:19:37.350Z","sessionId":"WLqm0vRPI5I-hhi1ICDLIUlbvydZ-lpd","event":"query_received","data":{"promptLength":48}}
{"timestamp":"2025-07-06T05:19:45.358Z","sessionId":"WLqm0vRPI5I-hhi1ICDLIUlbvydZ-lpd","event":"query_completed","data":{"responseTime":8006,"responseLength":201}}
{"timestamp":"2025-07-06T05:32:20.522Z","sessionId":"WLqm0vRPI5I-hhi1ICDLIUlbvydZ-lpd","event":"query_received","data":{"promptLength":51}}
{"timestamp":"2025-07-06T05:32:26.869Z","sessionId":"WLqm0vRPI5I-hhi1ICDLIUlbvydZ-lpd","event":"query_completed","data":{"responseTime":6345,"responseLength":380}}
{"timestamp":"2025-07-06T05:32:57.424Z","sessionId":"WLqm0vRPI5I-hhi1ICDLIUlbvydZ-lpd","event":"query_received","data":{"promptLength":86}}
{"timestamp":"2025-07-06T05:33:05.017Z","sessionId":"WLqm0vRPI5I-hhi1ICDLIUlbvydZ-lpd","event":"query_completed","data":{"responseTime":7592,"responseLength":196}}
{"timestamp":"2025-07-06T05:33:12.072Z","sessionId":"WLqm0vRPI5I-hhi1ICDLIUlbvydZ-lpd","event":"query_received","data":{"promptLength":3}}
{"timestamp":"2025-07-06T05:33:18.824Z","sessionId":"WLqm0vRPI5I-hhi1ICDLIUlbvydZ-lpd","event":"query_completed","data":{"responseTime":6750,"responseLength":34}}
{"timestamp":"2025-07-06T05:33:31.825Z","sessionId":"WLqm0vRPI5I-hhi1ICDLIUlbvydZ-lpd","event":"query_received","data":{"promptLength":42}}
{"timestamp":"2025-07-06T05:33:38.490Z","sessionId":"WLqm0vRPI5I-hhi1ICDLIUlbvydZ-lpd","event":"query_completed","data":{"responseTime":6662,"responseLength":165}}
{"timestamp":"2025-07-06T05:34:06.921Z","sessionId":"WLqm0vRPI5I-hhi1ICDLIUlbvydZ-lpd","event":"query_received","data":{"promptLength":63}}
{"timestamp":"2025-07-06T05:34:13.686Z","sessionId":"WLqm0vRPI5I-hhi1ICDLIUlbvydZ-lpd","event":"query_completed","data":{"responseTime":6764,"responseLength":221}}
{"timestamp":"2025-07-06T05:36:17.338Z","sessionId":"wx0X2sog_JKj_pNKW3Z0QVdw7yyn_2Kd","event":"query_received","data":{"promptLength":2}}
{"timestamp":"2025-07-06T05:36:23.485Z","sessionId":"wx0X2sog_JKj_pNKW3Z0QVdw7yyn_2Kd","event":"query_completed","data":{"responseTime":6144,"responseLength":34}}
{"timestamp":"2025-07-06T05:36:30.221Z","sessionId":"wx0X2sog_JKj_pNKW3Z0QVdw7yyn_2Kd","event":"query_received","data":{"promptLength":39}}
{"timestamp":"2025-07-06T05:36:35.638Z","sessionId":"wx0X2sog_JKj_pNKW3Z0QVdw7yyn_2Kd","event":"query_completed","data":{"responseTime":5414,"responseLength":284}}
{"timestamp":"2025-07-06T05:36:45.743Z","sessionId":"wx0X2sog_JKj_pNKW3Z0QVdw7yyn_2Kd","event":"query_received","data":{"promptLength":45}}
{"timestamp":"2025-07-06T05:36:55.295Z","sessionId":"wx0X2sog_JKj_pNKW3Z0QVdw7yyn_2Kd","event":"query_completed","data":{"responseTime":9549,"responseLength":1078}}
{"timestamp":"2025-07-06T05:37:46.928Z","sessionId":"wx0X2sog_JKj_pNKW3Z0QVdw7yyn_2Kd","event":"query_received","data":{"promptLength":220}}
{"timestamp":"2025-07-06T05:37:52.777Z","sessionId":"wx0X2sog_JKj_pNKW3Z0QVdw7yyn_2Kd","event":"query_completed","data":{"responseTime":5847,"responseLength":166}}
{"timestamp":"2025-07-06T05:38:12.771Z","sessionId":"wx0X2sog_JKj_pNKW3Z0QVdw7yyn_2Kd","event":"query_received","data":{"promptLength":70}}
{"timestamp":"2025-07-06T05:38:18.460Z","sessionId":"wx0X2sog_JKj_pNKW3Z0QVdw7yyn_2Kd","event":"query_completed","data":{"responseTime":5687,"responseLength":217}}
{"timestamp":"2025-07-06T05:38:48.544Z","sessionId":"wx0X2sog_JKj_pNKW3Z0QVdw7yyn_2Kd","event":"query_received","data":{"promptLength":102}}
{"timestamp":"2025-07-06T05:38:55.247Z","sessionId":"wx0X2sog_JKj_pNKW3Z0QVdw7yyn_2Kd","event":"query_completed","data":{"responseTime":6700,"responseLength":328}}
{"timestamp":"2025-07-06T07:23:32.282Z","sessionId":"yuGcsBG_Z23yiqhCJyL8YEDpwnE6Fjsc","event":"query_received","data":{"promptLength":31}}
{"timestamp":"2025-07-06T07:23:38.678Z","sessionId":"yuGcsBG_Z23yiqhCJyL8YEDpwnE6Fjsc","event":"query_completed","data":{"responseTime":6393,"responseLength":333}}
