{"timestamp":"2025-07-28T09:56:41.479Z","sessionId":"KZ7drVquo_m4Ntb8Z_4I4fOFRcqYOBdP","event":"query_completed","data":{"responseTime":3931,"responseLength":281,"userEmail":"karthiksunil074@gmail.com"}}
{"timestamp":"2025-07-28T09:56:52.698Z","sessionId":"KZ7drVquo_m4Ntb8Z_4I4fOFRcqYOBdP","event":"query_completed","data":{"responseTime":3790,"responseLength":1300,"userEmail":"karthiksunil074@gmail.com"}}
{"timestamp":"2025-07-28T10:34:25.146Z","sessionId":"FsxtQ0V1Pd3lAm-xz1RN0FmlS2Rr8yG8","event":"query_completed","data":{"responseTime":2860,"responseLength":205,"userEmail":"karthiksunil074@gmail.com"}}
{"timestamp":"2025-07-28T10:35:55.418Z","sessionId":"C1iGwrBnmJy2Ts1WWjKZlIY-2hWcZZvr","event":"query_completed","data":{"responseTime":2664,"responseLength":116,"userEmail":"ics.learning.ashoka@gmail.com"}}
{"timestamp":"2025-07-28T10:39:06.817Z","sessionId":"Rvp79BLZGwMXnANjZkSyw6kpDHYooI84","event":"query_completed","data":{"responseTime":3072,"responseLength":75,"userEmail":"karthiksunil074@gmail.com"}}
{"timestamp":"2025-07-28T10:39:12.487Z","sessionId":"Rvp79BLZGwMXnANjZkSyw6kpDHYooI84","event":"query_completed","data":{"responseTime":2466,"responseLength":157,"userEmail":"karthiksunil074@gmail.com"}}
{"timestamp":"2025-07-28T10:39:22.158Z","sessionId":"Rvp79BLZGwMXnANjZkSyw6kpDHYooI84","event":"query_completed","data":{"responseTime":2822,"responseLength":195,"userEmail":"karthiksunil074@gmail.com"}}
{"timestamp":"2025-07-28T10:39:29.364Z","sessionId":"Rvp79BLZGwMXnANjZkSyw6kpDHYooI84","event":"query_completed","data":{"responseTime":2809,"responseLength":207,"userEmail":"karthiksunil074@gmail.com"}}
{"timestamp":"2025-07-28T10:39:39.302Z","sessionId":"Rvp79BLZGwMXnANjZkSyw6kpDHYooI84","event":"query_completed","data":{"responseTime":2693,"responseLength":192,"userEmail":"karthiksunil074@gmail.com"}}
{"timestamp":"2025-07-28T10:39:45.201Z","sessionId":"Rvp79BLZGwMXnANjZkSyw6kpDHYooI84","event":"query_completed","data":{"responseTime":2483,"responseLength":83,"userEmail":"karthiksunil074@gmail.com"}}
{"timestamp":"2025-07-28T10:39:50.926Z","sessionId":"Rvp79BLZGwMXnANjZkSyw6kpDHYooI84","event":"query_completed","data":{"responseTime":2454,"responseLength":79,"userEmail":"karthiksunil074@gmail.com"}}
{"timestamp":"2025-07-28T10:46:10.948Z","sessionId":"a8yuJqsjU0WJGPD04eojl3ttnC8yoyNH","event":"query_completed","data":{"responseTime":3147,"responseLength":87,"userEmail":"karthiksunil074@gmail.com"}}
{"timestamp":"2025-07-28T10:46:16.179Z","sessionId":"a8yuJqsjU0WJGPD04eojl3ttnC8yoyNH","event":"query_completed","data":{"responseTime":2630,"responseLength":102,"userEmail":"karthiksunil074@gmail.com"}}
{"timestamp":"2025-07-28T10:55:00.497Z","sessionId":"N8k-t1FbYwHEZr6kxK3iGtJ97SeTESGb","event":"query_completed","data":{"responseTime":2661,"responseLength":153,"userEmail":"ics.learning.ashoka@gmail.com"}}
{"timestamp":"2025-07-28T10:55:06.316Z","sessionId":"N8k-t1FbYwHEZr6kxK3iGtJ97SeTESGb","event":"query_completed","data":{"responseTime":2589,"responseLength":117,"userEmail":"ics.learning.ashoka@gmail.com"}}
{"timestamp":"2025-07-28T10:55:15.340Z","sessionId":"N8k-t1FbYwHEZr6kxK3iGtJ97SeTESGb","event":"query_completed","data":{"responseTime":2623,"responseLength":173,"userEmail":"ics.learning.ashoka@gmail.com"}}
{"timestamp":"2025-07-28T10:56:19.103Z","sessionId":"l3gvER0tEbUs2kGT7qKyNrF8gPGJLK7R","event":"query_completed","data":{"responseTime":2521,"responseLength":131,"userEmail":"ics.learning.ashoka@gmail.com"}}
{"timestamp":"2025-07-28T10:56:31.555Z","sessionId":"l3gvER0tEbUs2kGT7qKyNrF8gPGJLK7R","event":"query_completed","data":{"responseTime":3222,"responseLength":163,"userEmail":"ics.learning.ashoka@gmail.com"}}
{"timestamp":"2025-07-28T11:00:51.550Z","sessionId":"l3gvER0tEbUs2kGT7qKyNrF8gPGJLK7R","event":"query_completed","data":{"responseTime":3288,"responseLength":89,"userEmail":"ics.learning.ashoka@gmail.com"}}
{"timestamp":"2025-07-28T11:01:01.353Z","sessionId":"l3gvER0tEbUs2kGT7qKyNrF8gPGJLK7R","event":"query_completed","data":{"responseTime":2747,"responseLength":117,"userEmail":"ics.learning.ashoka@gmail.com"}}
{"timestamp":"2025-07-28T11:04:26.236Z","sessionId":"0Uh6-2yDUN2G2LjgBNm_GrR-2eTGK0Uc","event":"query_completed","data":{"responseTime":2607,"responseLength":56,"userEmail":"ics.learning.ashoka@gmail.com"}}
{"timestamp":"2025-07-28T11:06:20.457Z","sessionId":"0Uh6-2yDUN2G2LjgBNm_GrR-2eTGK0Uc","event":"query_completed","data":{"responseTime":3326,"responseLength":187,"userEmail":"ics.learning.ashoka@gmail.com"}}
{"timestamp":"2025-07-28T11:06:24.953Z","sessionId":"0Uh6-2yDUN2G2LjgBNm_GrR-2eTGK0Uc","event":"query_completed","data":{"responseTime":2722,"responseLength":209,"userEmail":"ics.learning.ashoka@gmail.com"}}
{"timestamp":"2025-07-28T11:06:32.432Z","sessionId":"0Uh6-2yDUN2G2LjgBNm_GrR-2eTGK0Uc","event":"query_completed","data":{"responseTime":2777,"responseLength":252,"userEmail":"ics.learning.ashoka@gmail.com"}}
{"timestamp":"2025-07-28T11:10:05.744Z","sessionId":"0Uh6-2yDUN2G2LjgBNm_GrR-2eTGK0Uc","event":"query_completed","data":{"responseTime":3398,"responseLength":66,"userEmail":"ics.learning.ashoka@gmail.com"}}
{"timestamp":"2025-07-28T11:10:53.582Z","sessionId":"0Uh6-2yDUN2G2LjgBNm_GrR-2eTGK0Uc","event":"query_completed","data":{"responseTime":3986,"responseLength":73,"userEmail":"ics.learning.ashoka@gmail.com"}}
{"timestamp":"2025-07-28T11:13:30.198Z","sessionId":"0Uh6-2yDUN2G2LjgBNm_GrR-2eTGK0Uc","event":"query_completed","data":{"responseTime":3014,"responseLength":49,"userEmail":"ics.learning.ashoka@gmail.com"}}
{"timestamp":"2025-07-28T11:17:04.110Z","sessionId":"suWCkjBJO_EDBT63tcXC6QKteqiORGXF","event":"query_completed","data":{"responseTime":3191,"responseLength":162,"userEmail":"ics.learning.ashoka@gmail.com"}}
{"timestamp":"2025-07-28T11:17:17.760Z","sessionId":"suWCkjBJO_EDBT63tcXC6QKteqiORGXF","event":"query_completed","data":{"responseTime":3606,"responseLength":227,"userEmail":"ics.learning.ashoka@gmail.com"}}
{"timestamp":"2025-07-28T11:36:35.171Z","sessionId":"2aCAGzKXPIlePhby35FTI8UugPkDV0vs","event":"query_completed","data":{"responseTime":2665,"responseLength":89,"userEmail":"ics.learning.ashoka@gmail.com"}}
{"timestamp":"2025-07-28T11:36:41.843Z","sessionId":"2aCAGzKXPIlePhby35FTI8UugPkDV0vs","event":"query_completed","data":{"responseTime":2562,"responseLength":118,"userEmail":"ics.learning.ashoka@gmail.com"}}
{"timestamp":"2025-07-28T11:37:04.679Z","sessionId":"2aCAGzKXPIlePhby35FTI8UugPkDV0vs","event":"query_completed","data":{"responseTime":3107,"responseLength":137,"userEmail":"ics.learning.ashoka@gmail.com"}}
{"timestamp":"2025-07-28T11:39:37.754Z","sessionId":"2aCAGzKXPIlePhby35FTI8UugPkDV0vs","event":"query_completed","data":{"responseTime":3405,"responseLength":49,"userEmail":"ics.learning.ashoka@gmail.com"}}
{"timestamp":"2025-07-28T11:39:44.290Z","sessionId":"2aCAGzKXPIlePhby35FTI8UugPkDV0vs","event":"query_completed","data":{"responseTime":2587,"responseLength":213,"userEmail":"ics.learning.ashoka@gmail.com"}}
{"timestamp":"2025-07-28T11:39:57.294Z","sessionId":"2aCAGzKXPIlePhby35FTI8UugPkDV0vs","event":"query_completed","data":{"responseTime":5130,"responseLength":1577,"userEmail":"ics.learning.ashoka@gmail.com"}}
{"timestamp":"2025-07-28T11:40:24.024Z","sessionId":"2aCAGzKXPIlePhby35FTI8UugPkDV0vs","event":"query_completed","data":{"responseTime":5131,"responseLength":1418,"userEmail":"ics.learning.ashoka@gmail.com"}}
{"timestamp":"2025-07-28T11:44:46.732Z","sessionId":"ZjnnuGNIl4g-GEN3bacXnaXvIcXJAQ3V","event":"query_completed","data":{"responseTime":3551,"responseLength":197,"userEmail":"ics.learning.ashoka@gmail.com"}}
{"timestamp":"2025-07-28T11:46:08.116Z","sessionId":"ZjnnuGNIl4g-GEN3bacXnaXvIcXJAQ3V","event":"query_completed","data":{"responseTime":4264,"responseLength":941,"userEmail":"karthiksunil074@gmail.com"}}
{"timestamp":"2025-07-28T12:03:02.296Z","sessionId":"smkCoPiqapFDlSTNWsugiJZ8J91PdW5r","event":"query_completed","data":{"responseTime":3368,"responseLength":121,"userEmail":"karthiksunil074@gmail.com"}}
{"timestamp":"2025-07-28T12:03:26.948Z","sessionId":"smkCoPiqapFDlSTNWsugiJZ8J91PdW5r","event":"query_completed","data":{"responseTime":2941,"responseLength":149,"userEmail":"karthiksunil074@gmail.com"}}
{"timestamp":"2025-07-28T12:04:06.114Z","sessionId":"smkCoPiqapFDlSTNWsugiJZ8J91PdW5r","event":"query_completed","data":{"responseTime":3605,"responseLength":442,"userEmail":"karthiksunil074@gmail.com"}}
{"timestamp":"2025-07-28T12:04:20.603Z","sessionId":"smkCoPiqapFDlSTNWsugiJZ8J91PdW5r","event":"query_completed","data":{"responseTime":3858,"responseLength":308,"userEmail":"karthiksunil074@gmail.com"}}
{"timestamp":"2025-07-28T12:04:32.417Z","sessionId":"smkCoPiqapFDlSTNWsugiJZ8J91PdW5r","event":"query_completed","data":{"responseTime":3403,"responseLength":434,"userEmail":"karthiksunil074@gmail.com"}}
{"timestamp":"2025-07-28T12:05:21.087Z","sessionId":"smkCoPiqapFDlSTNWsugiJZ8J91PdW5r","event":"query_completed","data":{"responseTime":3599,"responseLength":451,"userEmail":"karthiksunil074@gmail.com"}}
{"timestamp":"2025-07-28T12:06:11.684Z","sessionId":"tqvpIKgoYXJdY31GR_A_rUVl2vA8Q21a","event":"query_completed","data":{"responseTime":2919,"responseLength":215,"userEmail":"karthiksunil074@gmail.com"}}
{"timestamp":"2025-07-28T12:06:21.380Z","sessionId":"tqvpIKgoYXJdY31GR_A_rUVl2vA8Q21a","event":"query_completed","data":{"responseTime":2950,"responseLength":336,"userEmail":"karthiksunil074@gmail.com"}}
{"timestamp":"2025-07-28T12:07:47.661Z","sessionId":"tqvpIKgoYXJdY31GR_A_rUVl2vA8Q21a","event":"query_completed","data":{"responseTime":3684,"responseLength":184,"userEmail":"karthiksunil074@gmail.com"}}
{"timestamp":"2025-07-28T12:08:02.734Z","sessionId":"tqvpIKgoYXJdY31GR_A_rUVl2vA8Q21a","event":"query_completed","data":{"responseTime":3427,"responseLength":181,"userEmail":"karthiksunil074@gmail.com"}}
{"timestamp":"2025-07-28T12:09:56.209Z","sessionId":"tqvpIKgoYXJdY31GR_A_rUVl2vA8Q21a","event":"query_completed","data":{"responseTime":3137,"responseLength":173,"userEmail":"karthiksunil074@gmail.com"}}
{"timestamp":"2025-07-28T12:11:23.659Z","sessionId":"13hR5ySsIsjWodjMur2Sb_lqA3ssVx6p","event":"query_completed","data":{"responseTime":2965,"responseLength":370,"userEmail":"karthiksunil074@gmail.com"}}
{"timestamp":"2025-07-28T12:13:44.138Z","sessionId":"GCLNBAftdeGe1LaC9rqCjZ405w529CbX","event":"query_completed","data":{"responseTime":2510,"responseLength":162,"userEmail":"karthiksunil074@gmail.com"}}
{"timestamp":"2025-07-28T12:14:54.976Z","sessionId":"GCLNBAftdeGe1LaC9rqCjZ405w529CbX","event":"query_completed","data":{"responseTime":3127,"responseLength":162,"userEmail":"karthiksunil074@gmail.com"}}
{"timestamp":"2025-07-28T12:15:43.019Z","sessionId":"GCLNBAftdeGe1LaC9rqCjZ405w529CbX","event":"query_completed","data":{"responseTime":3631,"responseLength":235,"userEmail":"karthiksunil074@gmail.com"}}
{"timestamp":"2025-07-28T12:19:45.683Z","sessionId":"JkNG6xnLRQM3rFR1p6uJq1psQUC29LGy","event":"query_completed","data":{"responseTime":2903,"responseLength":474,"userEmail":"karthiksunil074@gmail.com"}}
{"timestamp":"2025-07-28T12:20:22.706Z","sessionId":"JkNG6xnLRQM3rFR1p6uJq1psQUC29LGy","event":"query_completed","data":{"responseTime":3217,"responseLength":130,"userEmail":"karthiksunil074@gmail.com"}}
{"timestamp":"2025-07-28T12:20:49.416Z","sessionId":"XXcNiNSK_NJlLKc6Z5vpqfm49FEZvVr9","event":"query_completed","data":{"responseTime":3897,"responseLength":567,"userEmail":"karthiksunil074@gmail.com"}}
{"timestamp":"2025-07-28T12:26:26.863Z","sessionId":"P9SWhOQknSDmUgulT5dJ46t2L73rVwCE","event":"query_completed","data":{"responseTime":4069,"responseLength":207,"userEmail":"karthiksunil074@gmail.com"}}
{"timestamp":"2025-07-28T12:27:59.802Z","sessionId":"r8ejwYet1GLw7xxBsQKT3aEDI6d6jLic","event":"query_completed","data":{"responseTime":3957,"responseLength":640,"userEmail":"karthiksunil074@gmail.com"}}
{"timestamp":"2025-07-28T12:28:40.356Z","sessionId":"r8ejwYet1GLw7xxBsQKT3aEDI6d6jLic","event":"query_completed","data":{"responseTime":3647,"responseLength":338,"userEmail":"karthiksunil074@gmail.com"}}
{"timestamp":"2025-07-28T12:31:47.063Z","sessionId":"r8ejwYet1GLw7xxBsQKT3aEDI6d6jLic","event":"query_completed","data":{"responseTime":4418,"responseLength":508,"userEmail":"karthiksunil074@gmail.com"}}
{"timestamp":"2025-07-28T12:33:57.267Z","sessionId":"pIl9QZoAjg89u-2a8Zpy-oYKBl2TRlA3","event":"query_completed","data":{"responseTime":4167,"responseLength":890,"userEmail":"karthiksunil074@gmail.com"}}
{"timestamp":"2025-07-28T12:34:23.861Z","sessionId":"tVFUfBp_KMJlahZAoj48LzWDC35sqXiG","event":"query_completed","data":{"responseTime":3677,"responseLength":163,"userEmail":"karthiksunil074@gmail.com"}}
{"timestamp":"2025-07-28T12:34:41.037Z","sessionId":"tVFUfBp_KMJlahZAoj48LzWDC35sqXiG","event":"query_completed","data":{"responseTime":3030,"responseLength":109,"userEmail":"karthiksunil074@gmail.com"}}
{"timestamp":"2025-07-28T12:34:56.585Z","sessionId":"tVFUfBp_KMJlahZAoj48LzWDC35sqXiG","event":"query_completed","data":{"responseTime":4649,"responseLength":1070,"userEmail":"karthiksunil074@gmail.com"}}
{"timestamp":"2025-07-28T12:35:15.595Z","sessionId":"tVFUfBp_KMJlahZAoj48LzWDC35sqXiG","event":"query_completed","data":{"responseTime":4485,"responseLength":1203,"userEmail":"karthiksunil074@gmail.com"}}
{"timestamp":"2025-07-28T12:35:31.299Z","sessionId":"tVFUfBp_KMJlahZAoj48LzWDC35sqXiG","event":"query_completed","data":{"responseTime":3265,"responseLength":240,"userEmail":"karthiksunil074@gmail.com"}}
{"timestamp":"2025-07-28T12:35:46.204Z","sessionId":"tVFUfBp_KMJlahZAoj48LzWDC35sqXiG","event":"query_completed","data":{"responseTime":3089,"responseLength":177,"userEmail":"karthiksunil074@gmail.com"}}
{"timestamp":"2025-07-28T12:36:05.022Z","sessionId":"tVFUfBp_KMJlahZAoj48LzWDC35sqXiG","event":"query_completed","data":{"responseTime":3294,"responseLength":187,"userEmail":"karthiksunil074@gmail.com"}}
{"timestamp":"2025-07-28T12:51:28.093Z","sessionId":"g1PAj0OlxpNuLPdxcax-DYE4YSXXMTvP","event":"query_completed","data":{"responseTime":2559,"responseLength":49,"userEmail":"karthiksunil074@gmail.com"}}
{"timestamp":"2025-07-28T17:05:01.480Z","sessionId":"2dZU_AtYhY9U15ogYutOksIP9uGB09as","event":"query_completed","data":{"responseTime":3210,"responseLength":49,"userEmail":"karthiksunil074@gmail.com"}}
{"timestamp":"2025-07-28T17:24:02.365Z","sessionId":"tUNOpA68yucUFdNmIiqp_yV-CYcluyb1","event":"query_completed","data":{"responseTime":2882,"responseLength":71,"userEmail":"karthiksunil074@gmail.com"}}
{"timestamp":"2025-07-28T17:26:16.932Z","sessionId":"tUNOpA68yucUFdNmIiqp_yV-CYcluyb1","event":"query_completed","data":{"responseTime":3261,"responseLength":189,"userEmail":"karthiksunil074@gmail.com"}}
